<?xml version="1.0" encoding="UTF-8"?>
<testsuite name="org.mines.address.domain.service.AddressServiceTest" tests="2" skipped="0" failures="0" errors="0" timestamp="2025-01-31T08:49:46" hostname="fadia-HP-Envy-Laptop-17-cw0xxx" time="2.213">
  <properties/>
  <testcase name="shouldNotSaveAddressWhenTownDoesNotExist()" classname="org.mines.address.domain.service.AddressServiceTest" time="2.195"/>
  <testcase name="shouldSaveAnAddress()" classname="org.mines.address.domain.service.AddressServiceTest" time="0.013"/>
  <system-out><![CDATA[09:49:46,566 |-INFO in ch.qos.logback.classic.LoggerContext[default] - This is logback-classic version 1.4.14
09:49:46,569 |-INFO in ch.qos.logback.classic.util.ContextInitializer@7afbf561 - Here is a list of configurators discovered as a service, by rank: 
09:49:46,570 |-INFO in ch.qos.logback.classic.util.ContextInitializer@7afbf561 -   org.springframework.boot.logging.logback.RootLogLevelConfigurator
09:49:46,570 |-INFO in ch.qos.logback.classic.util.ContextInitializer@7afbf561 - They will be invoked in order until ExecutionStatus.DO_NOT_INVOKE_NEXT_IF_ANY is returned.
09:49:46,570 |-INFO in ch.qos.logback.classic.util.ContextInitializer@7afbf561 - Constructed configurator of type class org.springframework.boot.logging.logback.RootLogLevelConfigurator
09:49:46,576 |-INFO in ch.qos.logback.classic.util.ContextInitializer@7afbf561 - org.springframework.boot.logging.logback.RootLogLevelConfigurator.configure() call lasted 0 milliseconds. ExecutionStatus=INVOKE_NEXT_IF_ANY
09:49:46,576 |-INFO in ch.qos.logback.classic.util.ContextInitializer@7afbf561 - Trying to configure with ch.qos.logback.classic.joran.SerializedModelConfigurator
09:49:46,578 |-INFO in ch.qos.logback.classic.util.ContextInitializer@7afbf561 - Constructed configurator of type class ch.qos.logback.classic.joran.SerializedModelConfigurator
09:49:46,580 |-INFO in ch.qos.logback.classic.LoggerContext[default] - Could NOT find resource [logback-test.scmo]
09:49:46,580 |-INFO in ch.qos.logback.classic.LoggerContext[default] - Could NOT find resource [logback.scmo]
09:49:46,580 |-INFO in ch.qos.logback.classic.util.ContextInitializer@7afbf561 - ch.qos.logback.classic.joran.SerializedModelConfigurator.configure() call lasted 2 milliseconds. ExecutionStatus=INVOKE_NEXT_IF_ANY
09:49:46,580 |-INFO in ch.qos.logback.classic.util.ContextInitializer@7afbf561 - Trying to configure with ch.qos.logback.classic.util.DefaultJoranConfigurator
09:49:46,581 |-INFO in ch.qos.logback.classic.util.ContextInitializer@7afbf561 - Constructed configurator of type class ch.qos.logback.classic.util.DefaultJoranConfigurator
09:49:46,582 |-INFO in ch.qos.logback.classic.LoggerContext[default] - Could NOT find resource [logback-test.xml]
09:49:46,584 |-INFO in ch.qos.logback.classic.LoggerContext[default] - Found resource [logback.xml] at [file:/home/fadia/Desktop/Clean%20Code/addressApp/address-app/domain/build/resources/main/logback.xml]
09:49:46,660 |-WARN in ch.qos.logback.core.joran.action.IncludeAction - Could not find resource corresponding to [/org/springframework/boot/logging/logback/base.xml]
09:49:46,722 |-INFO in ch.qos.logback.core.model.processor.AppenderModelHandler - Processing appender named [STDOUT]
09:49:46,722 |-INFO in ch.qos.logback.core.model.processor.AppenderModelHandler - About to instantiate appender of type [ch.qos.logback.core.ConsoleAppender]
09:49:46,734 |-INFO in ch.qos.logback.core.model.processor.ImplicitModelHandler - Assuming default type [ch.qos.logback.classic.encoder.PatternLayoutEncoder] for [encoder] property
09:49:46,775 |-INFO in ch.qos.logback.classic.model.processor.RootLoggerModelHandler - Setting level of ROOT logger to INFO
09:49:46,775 |-INFO in ch.qos.logback.core.model.processor.AppenderRefModelHandler - Attaching appender named [STDOUT] to Logger[ROOT]
09:49:46,776 |-INFO in ch.qos.logback.core.model.processor.DefaultProcessor@2f98635e - End of configuration.
09:49:46,777 |-INFO in ch.qos.logback.classic.joran.JoranConfigurator@49c8f6e8 - Registering current configuration as safe fallback point
09:49:46,778 |-INFO in ch.qos.logback.classic.util.ContextInitializer@7afbf561 - ch.qos.logback.classic.util.DefaultJoranConfigurator.configure() call lasted 196 milliseconds. ExecutionStatus=DO_NOT_INVOKE_NEXT_IF_ANY

]]></system-out>
  <system-err><![CDATA[WARNING: A Java agent has been loaded dynamically (/home/fadia/.gradle/caches/modules-2/files-2.1/net.bytebuddy/byte-buddy-agent/1.14.11/f9cb566608fbac6bc7bf54901a7aa11543a989ee/byte-buddy-agent-1.14.11.jar)
WARNING: If a serviceability tool is in use, please run with -XX:+EnableDynamicAgentLoading to hide this warning
WARNING: If a serviceability tool is not in use, please run with -Djdk.instrument.traceUsage for more information
WARNING: Dynamic loading of agents will be disallowed by default in a future release
]]></system-err>
</testsuite>
