<?xml version="1.0" encoding="UTF-8"?>
<testsuite name="org.mines.address.domain.service.TownServiceTest" tests="4" skipped="0" failures="0" errors="0" timestamp="2025-01-31T08:49:49" hostname="fadia-HP-Envy-Laptop-17-cw0xxx" time="0.129">
  <properties/>
  <testcase name="shouldSaveATown()" classname="org.mines.address.domain.service.TownServiceTest" time="0.087"/>
  <testcase name="shouldRemoveATown()" classname="org.mines.address.domain.service.TownServiceTest" time="0.024"/>
  <testcase name="shouldNotSaveAnExistingTown()" classname="org.mines.address.domain.service.TownServiceTest" time="0.007"/>
  <testcase name="shouldNotSaveTownWithEmptyName()" classname="org.mines.address.domain.service.TownServiceTest" time="0.005"/>
  <system-out><![CDATA[]]></system-out>
  <system-err><![CDATA[]]></system-err>
</testsuite>
