<?xml version="1.0" encoding="UTF-8"?>
<testsuite name="org.mines.address.domain.service.StatisticsServiceTest" tests="1" skipped="0" failures="0" errors="0" timestamp="2025-02-04T13:46:26" hostname="fadia-HP-Envy-Laptop-17-cw0xxx" time="1.343">
  <properties/>
  <testcase name="shouldComputeStatisticsCorrectly()" classname="org.mines.address.domain.service.StatisticsServiceTest" time="1.343"/>
  <system-out><![CDATA[]]></system-out>
  <system-err><![CDATA[WARNING: A Java agent has been loaded dynamically (/home/fadia/.gradle/caches/modules-2/files-2.1/net.bytebuddy/byte-buddy-agent/1.14.11/f9cb566608fbac6bc7bf54901a7aa11543a989ee/byte-buddy-agent-1.14.11.jar)
WARNING: If a serviceability tool is in use, please run with -XX:+EnableDynamicAgentLoading to hide this warning
WARNING: If a serviceability tool is not in use, please run with -Djdk.instrument.traceUsage for more information
WARNING: Dynamic loading of agents will be disallowed by default in a future release
]]></system-err>
</testsuite>
