<?xml version="1.0" encoding="UTF-8"?>
<testsuite name="org.address.infrastructure.TownRepositoryAdapterTest" tests="2" skipped="0" failures="0" errors="0" timestamp="2025-01-31T08:49:57" hostname="fadia-HP-Envy-Laptop-17-cw0xxx" time="0.017">
  <properties/>
  <testcase name="shouldFindAll()" classname="org.address.infrastructure.TownRepositoryAdapterTest" time="0.006"/>
  <testcase name="shouldDeleteATownAndAllItsAddresses()" classname="org.address.infrastructure.TownRepositoryAdapterTest" time="0.01"/>
  <system-out><![CDATA[]]></system-out>
  <system-err><![CDATA[]]></system-err>
</testsuite>
